(---------------------------------------------------------------------)
(                                                                     )
(    NC DRILL Log                                                     )
(                                                                     )
(    Drawing          : autohood_teamschematic_v2FUCKUFUCKERT.brd     )
(    Software Version : 17.4S024                                      )
(    Date/Time        : Fri Mar  4 17:00:21 2022                      )
(                                                                     )
(---------------------------------------------------------------------)



 Processing NC Parameters file 'nc_param.txt' ...

 NC PARAMETERS
 -------------

 FORMAT   		2.5
 MACHINE-OFFSET		x:0.00000	y:0.00000   (inch)
 FEEDRATE		1
 COORDINATES		ABSOLUTE
 OUTPUT-UNITS		ENGLISH
 TOOL-ORDER		INCREASING
 REPEAT-CODES		YES
 SUPPRESS-LEAD-ZEROES	NO
 SUPPRESS-TRAIL-ZEROES	NO
 SUPPRESS-EQUAL		NO
 TOOL-SELECT		NO
 HEADER			none
 LEADER			12
 CODE			ASCII
 SEPARATE		NO
 SEPARATE-ROUTING	NO
 OPTIMIZE_DRILLING	NO
 ENHANCED_EXCELLON	YES
 SCALE			1.000000

 WARNING(SPMHMF-358): Design precision is the same as that of the drill output file data.
 WARNING(SPMHMF-359): Data rounding errors may still be possible.


 Drill files being output to directory 'C:/Users/tyler/Desktop/Cadence/Cadence/Projects/autoHood_projectMaster/allegro' ...



     'autohood_teamschematic_v2FUCKUFUCKERT-1-2.drl' created for holes connecting TOP and BOTTOM
     -------------------------------------------------------------------------------------------

           Num     Size      +/- Tolerance     Plating   Quantity

            1.  30.5000    0.0000/  0.0000      PLATED         30
            2.  36.0000    0.0000/  0.0000      PLATED         32
            3.  39.0000    0.0000/  0.0000      PLATED          4
            4.  40.0000    0.0000/  0.0000      PLATED          8
            5.  41.0000    0.0000/  0.0000      PLATED         30
            6. 156.0000    0.0000/  0.0000  NON_PLATED          3

     ---- Total holes:                                        107

     ---- Total head travel:              5.15 feet (1.57 meters)

