(---------------------------------------------------------------------)
(                                                                     )
(    ARTWORK LOG                                                      )
(                                                                     )
(    Drawing          : autohood_teamschematic_v1.brd                 )
(    Software Version : 17.4S024                                      )
(    Date/Time        : Sun Feb 27 17:43:24 2022                      )
(                                                                     )
(---------------------------------------------------------------------)


 ---- Photoplot outline rectangle not found; using drawing extents.



Results from parameter file ...
    DEVICE-TYPE           GERBER_RS274X
    OUTPUT-UNITS          INCHES
    FILM-SIZE             2400000 1600000
    FORMAT                2.5
    ABORT-ON-ERROR        NO
    SCALE                 1
    SUPPRESS-LEAD-ZEROES  YES
    SUPPRESS-TRAIL-ZEROES NO
    SUPPRESS-EQUAL        YES
    UNDEF-APT-CONT        NO



================================================================
     PROCESSING FILM < TOP >
     TO FILE < C:/Users/tyler/Desktop/Cadence/Cadence/Projects/autoHood_projectMaster/allegro/TOP.art > ...
================================================================

  FILM PARAMETERS :
  ---------------------------------------------------------
  Undefined line width                0.00
  Mirror code                         NONE
  Rotate angle                        NONE
  Offset x:                           0.00
  Offset y:                           0.00
  Plot negative                       NO
  Suppress unconnected internal pads  NO
  Draw holes only                     NO

    WARNING: Film contains layer ANTI ETCH/TOP that should not normally be used etch (conductor) layers.
           


  APERTURES USED (UNIT = IN):
  ---------------------------------------------------------
  TYPE       SIZE/NAME                   ROT   MIRROR MODE 
  ---------------------------------------------------------
  CIRCLE     0.01500                                  DARK 
  CIRCLE     0.02000                                  DARK 
  CIRCLE     0.02500                                  DARK 
  CIRCLE     0.03000                                  DARK 
  CIRCLE     0.03500                                  DARK 
  CIRCLE     0.05900                                  DARK 
  CIRCLE     0.06000                                  DARK 
  CIRCLE     0.06500                                  DARK 
  SQUARE     0.06000                     0.000 NO     DARK 
  RECTANGLE  0.01600     x 0.04900       0.000 NO     DARK 
  RECTANGLE  0.01600     x 0.04900      90.000 NO     DARK 
  RECTANGLE  0.02800     x 0.05300       0.000 NO     DARK 
  RECTANGLE  0.02800     x 0.05300      90.000 NO     DARK 
  RECTANGLE  0.03600     x 0.10800      90.000 NO     DARK 
  RECTANGLE  0.03900     x 0.07500       0.000 NO     DARK 
  RECTANGLE  0.04000     x 0.11800      90.000 NO     DARK 
  RECTANGLE  0.04331     x 0.12992       0.000 NO     DARK 
  RECTANGLE  0.04331     x 0.12992      90.000 NO     DARK 
  RECTANGLE  0.04400     x 0.01800       0.000 NO     DARK 
  RECTANGLE  0.04800     x 0.03000      90.000 NO     DARK 
  RECTANGLE  0.05984     x 0.02362       0.000 NO     DARK 
  RECTANGLE  0.06400     x 0.03500       0.000 NO     DARK 
  RECTANGLE  0.06400     x 0.12500       0.000 NO     DARK 
  RECTANGLE  0.08300     x 0.02300      90.000 NO     DARK 
  RECTANGLE  0.09000     x 0.02200       0.000 NO     DARK 
  RECTANGLE  0.09100     x 0.22100       0.000 NO     DARK 
  RECTANGLE  0.24400     x 0.63000      90.000 NO     DARK 
  RECTANGLE  0.41400     x 0.31500      90.000 NO     DARK 

     TOP created with warnings


================================================================
     PROCESSING FILM < BOTTOM >
     TO FILE < C:/Users/tyler/Desktop/Cadence/Cadence/Projects/autoHood_projectMaster/allegro/BOTTOM.art > ...
================================================================

  FILM PARAMETERS :
  ---------------------------------------------------------
  Undefined line width                0.00
  Mirror code                         NONE
  Rotate angle                        NONE
  Offset x:                           0.00
  Offset y:                           0.00
  Plot negative                       NO
  Suppress unconnected internal pads  NO
  Draw holes only                     NO

    WARNING: Film contains layer ANTI ETCH/BOTTOM that should not normally be used etch (conductor) layers.
           


  APERTURES USED (UNIT = IN):
  ---------------------------------------------------------
  TYPE       SIZE/NAME                   ROT   MIRROR MODE 
  ---------------------------------------------------------
  CIRCLE     0.01500                                  DARK 
  CIRCLE     0.02500                                  DARK 
  CIRCLE     0.03500                                  DARK 
  CIRCLE     0.05900                                  DARK 
  CIRCLE     0.06000                                  DARK 
  CIRCLE     0.06500                                  DARK 

     BOTTOM created with warnings


================================================================
     PROCESSING FILM < OUTLINE >
     TO FILE < C:/Users/tyler/Desktop/Cadence/Cadence/Projects/autoHood_projectMaster/allegro/OUTLINE.art > ...
================================================================

  FILM PARAMETERS :
  ---------------------------------------------------------
  Undefined line width                0.00
  Mirror code                         NONE
  Rotate angle                        NONE
  Offset x:                           0.00
  Offset y:                           0.00
  Plot negative                       NO
  Suppress unconnected internal pads  NO
  Draw holes only                     NO

    WARNING: rectangle or unfilled shape composed 0 width line found at (12500.00 11800.00) in MIL
           ... ignored.



  APERTURES USED:  NONE
     OUTLINE created with warnings


================================================================
     PROCESSING FILM < SolderMaskBottom >
     TO FILE < C:/Users/tyler/Desktop/Cadence/Cadence/Projects/autoHood_projectMaster/allegro/SolderMaskBottom.art > ...
================================================================

  FILM PARAMETERS :
  ---------------------------------------------------------
  Undefined line width                0.01 MIL
  Mirror code                         NONE
  Rotate angle                        NONE
  Offset x:                           0.00
  Offset y:                           0.00
  Plot negative                       NO
  Suppress unconnected internal pads  NO
  Draw holes only                     NO



  APERTURES USED (UNIT = IN):
  ---------------------------------------------------------
  TYPE       SIZE/NAME                   ROT   MIRROR MODE 
  ---------------------------------------------------------
  CIRCLE     0.05900                                  DARK 
  CIRCLE     0.06000                                  DARK 
  CIRCLE     0.07500                                  DARK 
  CIRCLE     0.08000                                  DARK 
  RECTANGLE  0.06181     x 0.02559       0.000 NO     DARK 

     SolderMaskBottom created.


================================================================
     PROCESSING FILM < SolderMaskTop >
     TO FILE < C:/Users/tyler/Desktop/Cadence/Cadence/Projects/autoHood_projectMaster/allegro/SolderMaskTop.art > ...
================================================================

  FILM PARAMETERS :
  ---------------------------------------------------------
  Undefined line width                0.01 MIL
  Mirror code                         NONE
  Rotate angle                        NONE
  Offset x:                           0.00
  Offset y:                           0.00
  Plot negative                       NO
  Suppress unconnected internal pads  NO
  Draw holes only                     NO



  APERTURES USED (UNIT = IN):
  ---------------------------------------------------------
  TYPE       SIZE/NAME                   ROT   MIRROR MODE 
  ---------------------------------------------------------
  CIRCLE     0.05900                                  DARK 
  CIRCLE     0.06000                                  DARK 
  CIRCLE     0.07500                                  DARK 
  CIRCLE     0.08000                                  DARK 
  SQUARE     0.06000                     0.000 NO     DARK 
  RECTANGLE  0.01600     x 0.04900       0.000 NO     DARK 
  RECTANGLE  0.01600     x 0.04900      90.000 NO     DARK 
  RECTANGLE  0.02800     x 0.05300       0.000 NO     DARK 
  RECTANGLE  0.02800     x 0.05300      90.000 NO     DARK 
  RECTANGLE  0.03600     x 0.10800      90.000 NO     DARK 
  RECTANGLE  0.03900     x 0.07500       0.000 NO     DARK 
  RECTANGLE  0.04000     x 0.11800      90.000 NO     DARK 
  RECTANGLE  0.04331     x 0.12992       0.000 NO     DARK 
  RECTANGLE  0.04331     x 0.12992      90.000 NO     DARK 
  RECTANGLE  0.04400     x 0.01800       0.000 NO     DARK 
  RECTANGLE  0.04800     x 0.03000      90.000 NO     DARK 
  RECTANGLE  0.06181     x 0.02559       0.000 NO     DARK 
  RECTANGLE  0.06400     x 0.03500       0.000 NO     DARK 
  RECTANGLE  0.06400     x 0.12500       0.000 NO     DARK 
  RECTANGLE  0.08300     x 0.02300      90.000 NO     DARK 
  RECTANGLE  0.09000     x 0.02200       0.000 NO     DARK 
  RECTANGLE  0.09100     x 0.22100       0.000 NO     DARK 
  RECTANGLE  0.24400     x 0.63000      90.000 NO     DARK 
  RECTANGLE  0.41400     x 0.31500      90.000 NO     DARK 

     SolderMaskTop created.


================================================================
     PROCESSING FILM < SilkScreenBottom >
     TO FILE < C:/Users/tyler/Desktop/Cadence/Cadence/Projects/autoHood_projectMaster/allegro/SilkScreenBottom.art > ...
================================================================

  FILM PARAMETERS :
  ---------------------------------------------------------
  Undefined line width                0.00
  Mirror code                         NONE
  Rotate angle                        NONE
  Offset x:                           0.00
  Offset y:                           0.00
  Plot negative                       NO
  Suppress unconnected internal pads  NO
  Draw holes only                     NO



  APERTURES USED:  NONE
     SilkScreenBottom created.


================================================================
     PROCESSING FILM < SilkScreenTop >
     TO FILE < C:/Users/tyler/Desktop/Cadence/Cadence/Projects/autoHood_projectMaster/allegro/SilkScreenTop.art > ...
================================================================

  FILM PARAMETERS :
  ---------------------------------------------------------
  Undefined line width                0.00
  Mirror code                         NONE
  Rotate angle                        NONE
  Offset x:                           0.00
  Offset y:                           0.00
  Plot negative                       NO
  Suppress unconnected internal pads  NO
  Draw holes only                     NO

    WARNING: 0 width line found at (8725.00 12200.00) in MIL
           ... ignored.

    WARNING: text composed 0 width line found at (8645.00 12972.00) in MIL
           ... ignored.

    WARNING: Multiple 0 width lines; all will be treated the same as the first.
           ... ignored.

    WARNING: text having Multiple 0 width lines; all will be treated the same as the first.
           ... ignored.



  APERTURES USED (UNIT = IN):
  ---------------------------------------------------------
  TYPE       SIZE/NAME                   ROT   MIRROR MODE 
  ---------------------------------------------------------
  CIRCLE     0.00600                                  DARK 
  CIRCLE     0.00787                                  DARK 

     SilkScreenTop created with warnings


------------------------------------------------------
 SUMMARY:
        TOP created with warnings
        BOTTOM created with warnings
        OUTLINE created with warnings
        SolderMaskBottom created.
        SolderMaskTop created.
        SilkScreenBottom created.
        SilkScreenTop created with warnings

 ARTWORK had warnings
